2018-04-27 09:27 +08:00: [0mGET /css/bootstrap.min.css [36m304 [0m10.266 ms - -[0m
2018-04-27 09:27 +08:00: [0mGET /css/font-awesome.min.css [36m304 [0m13.216 ms - -[0m
2018-04-27 09:27 +08:00: [0mGET /css/bootstrap-theme.css [36m304 [0m12.889 ms - -[0m
2018-04-27 09:27 +08:00: [0mGET /css/style.css [36m304 [0m13.419 ms - -[0m
2018-04-27 09:27 +08:00: [0mGET /css/camera.css [36m304 [0m1.217 ms - -[0m
2018-04-27 09:27 +08:00: [0mGET /images/slides/img1.jpg?1524790308816 [32m200 [0m4.340 ms - 582150[0m
2018-04-27 09:28 +08:00: [0mGET /images/slides/img3.jpg?1524790318751 [32m200 [0m8.173 ms - 385058[0m
2018-04-27 09:29 +08:00: [0mGET /images/slides/img2.jpg?1524790308898 [32m200 [0m8.775 ms - 300990[0m
2018-04-27 09:37 +08:00: [0mGET /images/slides/img3.jpg?1524790318751 [32m200 [0m1.337 ms - 385058[0m
2018-04-27 09:49 +08:00: [0mGET /images/slides/img1.jpg?1524790308816 [32m200 [0m8.771 ms - 582150[0m
2018-04-27 16:53 +08:00: [0mGET /basic_form.html [32m200 [0m28.415 ms - 53953[0m
2018-04-27 16:53 +08:00: [0mGET /css/font-awesome.min.css [32m200 [0m12.817 ms - 17783[0m
2018-04-27 16:53 +08:00: [0mGET /css/ionicons.min.css [32m200 [0m12.142 ms - 33977[0m
2018-04-27 16:53 +08:00: [0mGET /css/morris/morris.css [32m200 [0m12.516 ms - 430[0m
2018-04-27 16:53 +08:00: [0mGET /css/jvectormap/jquery-jvectormap-1.2.2.css [32m200 [0m12.758 ms - 727[0m
2018-04-27 16:53 +08:00: [0mGET /css/bootstrap.min.css [32m200 [0m12.423 ms - 99554[0m
2018-04-27 16:53 +08:00: [0mGET /css/datepicker/datepicker3.css [32m200 [0m13.043 ms - 34535[0m
2018-04-27 16:53 +08:00: [0mGET /css/daterangepicker/daterangepicker-bs3.css [32m200 [0m4.777 ms - 5077[0m
2018-04-27 16:53 +08:00: [0mGET /css/iCheck/all.css [32m200 [0m2.953 ms - 1568[0m
2018-04-27 16:53 +08:00: [0mGET /css/style.css [32m200 [0m3.082 ms - 103924[0m
2018-04-27 16:53 +08:00: [0mGET /btzero_7_Director/css/style.css [32m200 [0m11.954 ms - 53953[0m
2018-04-27 16:53 +08:00: [0mGET /js/jquery.min.js [32m200 [0m0.909 ms - 93623[0m
2018-04-27 16:53 +08:00: [0mGET /js/jquery-ui-1.10.3.min.js [32m200 [0m0.657 ms - 131024[0m
2018-04-27 16:53 +08:00: [0mGET /js/bootstrap.min.js [32m200 [0m0.585 ms - 27828[0m
2018-04-27 16:53 +08:00: [0mGET /js/plugins/daterangepicker/daterangepicker.js [32m200 [0m0.692 ms - 53167[0m
2018-04-27 16:53 +08:00: [0mGET /js/plugins/chart.js [32m200 [0m0.737 ms - 50201[0m
2018-04-27 16:53 +08:00: [0mGET /js/plugins/iCheck/icheck.min.js [32m200 [0m0.800 ms - 4942[0m
2018-04-27 16:53 +08:00: [0mGET /js/plugins/fullcalendar/fullcalendar.js [32m200 [0m0.697 ms - 157149[0m
2018-04-27 16:53 +08:00: [0mGET /js/Director/app.js [32m200 [0m0.763 ms - 48542[0m
2018-04-27 16:53 +08:00: [0mGET /js/Director/dashboard.js [32m200 [0m0.599 ms - 3598[0m
2018-04-27 16:53 +08:00: [0mGET /img/26115.jpg [32m200 [0m0.567 ms - 21908[0m
2018-04-27 16:53 +08:00: [0mGET /img/avatar.png [32m200 [0m0.711 ms - 27738[0m
2018-04-27 16:53 +08:00: [0mGET /css/iCheck/square/_all.css [32m200 [0m4.167 ms - 14331[0m
2018-04-27 16:53 +08:00: [0mGET /css/iCheck/minimal/_all.css [32m200 [0m3.737 ms - 14474[0m
2018-04-27 16:53 +08:00: [0mGET /css/iCheck/flat/_all.css [32m200 [0m4.697 ms - 12513[0m
2018-04-27 16:53 +08:00: [0mGET /css/iCheck/line/_all.css [32m200 [0m4.623 ms - 20429[0m
2018-04-27 16:53 +08:00: [0mGET /css/iCheck/polaris/polaris.css [32m200 [0m4.684 ms - 1431[0m
2018-04-27 16:53 +08:00: [0mGET /css/iCheck/futurico/futurico.css [32m200 [0m4.648 ms - 1295[0m
2018-04-27 16:53 +08:00: [0mGET /fonts/fontawesome-webfont.woff?v=4.0.3 [32m200 [0m1.242 ms - 65452[0m
2018-04-27 16:53 +08:00: [0mGET /css/iCheck/flat/grey@2x.png [32m200 [0m0.707 ms - 3217[0m
2018-04-27 16:53 +08:00: [0mGET /basic_form.html [32m200 [0m5.858 ms - 53953[0m
2018-04-27 16:53 +08:00: [0mGET /css/font-awesome.min.css [32m200 [0m5.030 ms - 17783[0m
2018-04-27 16:53 +08:00: [0mGET /css/morris/morris.css [32m200 [0m5.435 ms - 430[0m
2018-04-27 16:53 +08:00: [0mGET /css/jvectormap/jquery-jvectormap-1.2.2.css [32m200 [0m5.427 ms - 727[0m
2018-04-27 16:53 +08:00: [0mGET /css/ionicons.min.css [32m200 [0m7.962 ms - 33977[0m
2018-04-27 16:53 +08:00: [0mGET /css/datepicker/datepicker3.css [32m200 [0m5.798 ms - 34535[0m
2018-04-27 16:53 +08:00: [0mGET /css/bootstrap.min.css [32m200 [0m10.040 ms - 99554[0m
2018-04-27 16:53 +08:00: [0mGET /css/daterangepicker/daterangepicker-bs3.css [32m200 [0m4.191 ms - 5077[0m
2018-04-27 16:53 +08:00: [0mGET /css/iCheck/all.css [32m200 [0m1.432 ms - 1568[0m
2018-04-27 16:53 +08:00: [0mGET /css/style.css [32m200 [0m2.301 ms - 103924[0m
2018-04-27 16:53 +08:00: [0mGET /btzero_7_Director/css/style.css [32m200 [0m8.638 ms - 53953[0m
2018-04-27 16:53 +08:00: [0mGET /js/jquery.min.js [32m200 [0m0.738 ms - 93623[0m
2018-04-27 16:53 +08:00: [0mGET /js/jquery-ui-1.10.3.min.js [32m200 [0m0.747 ms - 131024[0m
2018-04-27 16:53 +08:00: [0mGET /js/bootstrap.min.js [32m200 [0m0.815 ms - 27828[0m
2018-04-27 16:53 +08:00: [0mGET /js/plugins/daterangepicker/daterangepicker.js [32m200 [0m0.604 ms - 53167[0m
2018-04-27 16:53 +08:00: [0mGET /js/plugins/chart.js [32m200 [0m0.739 ms - 50201[0m
2018-04-27 16:53 +08:00: [0mGET /js/plugins/iCheck/icheck.min.js [32m200 [0m0.625 ms - 4942[0m
2018-04-27 16:53 +08:00: [0mGET /js/plugins/fullcalendar/fullcalendar.js [32m200 [0m0.682 ms - 157149[0m
2018-04-27 16:53 +08:00: [0mGET /js/Director/app.js [32m200 [0m0.690 ms - 48542[0m
2018-04-27 16:53 +08:00: [0mGET /js/Director/dashboard.js [32m200 [0m0.884 ms - 3598[0m
2018-04-27 16:53 +08:00: [0mGET /img/26115.jpg [32m200 [0m0.761 ms - 21908[0m
2018-04-27 16:53 +08:00: [0mGET /img/avatar.png [32m200 [0m0.796 ms - 27738[0m
2018-04-27 16:53 +08:00: [0mGET /css/iCheck/square/_all.css [32m200 [0m4.593 ms - 14331[0m
2018-04-27 16:53 +08:00: [0mGET /css/iCheck/minimal/_all.css [32m200 [0m6.258 ms - 14474[0m
2018-04-27 16:53 +08:00: [0mGET /css/iCheck/flat/_all.css [32m200 [0m5.671 ms - 12513[0m
2018-04-27 16:53 +08:00: [0mGET /css/iCheck/polaris/polaris.css [32m200 [0m8.819 ms - 1431[0m
2018-04-27 16:53 +08:00: [0mGET /css/iCheck/line/_all.css [32m200 [0m11.417 ms - 20429[0m
2018-04-27 16:53 +08:00: [0mGET /css/iCheck/futurico/futurico.css [32m200 [0m9.081 ms - 1295[0m
2018-04-27 16:53 +08:00: [0mGET /fonts/fontawesome-webfont.woff?v=4.0.3 [32m200 [0m0.888 ms - 65452[0m
2018-04-27 16:53 +08:00: [0mGET /css/iCheck/flat/grey@2x.png [32m200 [0m0.992 ms - 3217[0m
